52
52
52
52
6
6
52
52
52
52
52
52
52
52
52
52
52
42
42
47
42
42
6
6
47
42
42
47
42
47
47
42
42
42
42
47
52
47
6
47
47
42
42
52
47
47
47
48
48
42
6
52
42
47
47
42
42
6
52
6
47
104
47
48
108
104
104
47
48
48
104
108
108
48
42
110
110
110
104
6
108
110
337
337
104
122
108
110
337
104
108
108
108
104
110
337
337
337
110
108
122
337
110
104
108
104
104
108
110
110
110
110
110
104
104
122
110
104
122
122
122
122
110
337
337
104
122
122
134
134
134
122
134
134
122
122
134
134
122
134
337
122
122
122
134
134
134
134
122
122
134
134
134
134
207
207
122
122
134
134
134
134
134
122
134
134
207
122
337
122
134
207
207
207
134
122
122
122
134
134
207
207
122
122
207
207
207
207
207
207
122
122
122
207
207
207
207
207
207
207
207
207
207
207
122
207
207
207
207
122
122
122
122
122
337
207
207
207
122
122
207
122
337
337
122
207
207
207
207
337
207
207
207
122
207
207
52
52
207
207
207
52
42
337
337
337
207
122
207
207
207
207
42
122
337
207
337
337
337
337
110
337
337
337
122
337
122
337
52
42
337
337
337
122
122
110
207
337
207
122
337
122
122
134
337
207
207
122
122
122
337
207
207
122
122
122
207
122
337
134
122
134
122
122
110
122
337
337
337
122
122
337
110
337
122
134
134
134
122
134
122
337
337
110
122
337
122
337
122
337
104
110
110
337
337
337
337
104
52
337
337
122
42
337
6
52
42
42
42
42
48
104
6
47
47
110
42
48
108
108
110
47
48
47
108
