24/04/26 13:45:40 [INFO    ] (import_data): Importing data files from /home/piejacques/Bureau/EnergyScope_coupling_GEMMES/EnergyScope TD/Data/CO 2050
24/04/26 13:45:40 [INFO    ] (print_data): Printing ESTD_data.dat
24/04/26 13:45:40 [INFO    ] (print_data): Printing ESTD_12TD.dat
24/04/26 13:45:40 [INFO    ] (run_es): Running EnergyScope
24/04/26 13:46:47 [INFO    ] (run_es): End of run
24/04/26 13:46:47 [INFO    ] (read_outputs): Reading outputs from: /home/piejacques/Bureau/EnergyScope_coupling_GEMMES/EnergyScope TD/case_studies/CO 2050/output
24/04/26 15:15:58 [INFO    ] (run_command): running build_ext
24/04/26 15:15:58 [INFO    ] (build_extension): building 'functionsForPy' extension
24/04/26 15:15:58 [INFO    ] (mkpath): creating /tmp/tmpu942zhok/home
24/04/26 15:15:58 [INFO    ] (mkpath): creating /tmp/tmpu942zhok/home/piejacques
24/04/26 15:15:58 [INFO    ] (mkpath): creating /tmp/tmpu942zhok/home/piejacques/Bureau
24/04/26 15:15:58 [INFO    ] (mkpath): creating /tmp/tmpu942zhok/home/piejacques/Bureau/SourceCode
24/04/26 15:15:58 [INFO    ] (mkpath): creating /tmp/tmpu942zhok/home/piejacques/Bureau/SourceCode/cppCode
24/04/26 15:15:58 [INFO    ] (spawn): gcc -pthread -B /home/piejacques/anaconda3/compiler_compat -DNDEBUG -fwrapv -O2 -Wall -fPIC -O2 -isystem /home/piejacques/anaconda3/include -fPIC -O2 -isystem /home/piejacques/anaconda3/include -fPIC -I/home/piejacques/anaconda3/lib/python3.11/site-packages/pybind11/include -I/home/piejacques/anaconda3/lib/python3.11/site-packages/pybind11/include -I/home/piejacques/Bureau/SourceCode/cppCode -I/home/piejacques/anaconda3/include/python3.11 -c /home/piejacques/Bureau/SourceCode/cppCode/.rendered.functionsForPy.cpp -o /tmp/tmpu942zhok/home/piejacques/Bureau/SourceCode/cppCode/.rendered.functionsForPy.o -std=c++11 -fvisibility=hidden -std=c++14 -larmadillo
24/04/26 15:16:05 [INFO    ] (spawn): g++ -pthread -B /home/piejacques/anaconda3/compiler_compat -shared -Wl,-rpath,/home/piejacques/anaconda3/lib -Wl,-rpath-link,/home/piejacques/anaconda3/lib -L/home/piejacques/anaconda3/lib -Wl,-rpath,/home/piejacques/anaconda3/lib -Wl,-rpath-link,/home/piejacques/anaconda3/lib -L/home/piejacques/anaconda3/lib /tmp/tmpu942zhok/home/piejacques/Bureau/SourceCode/cppCode/.rendered.functionsForPy.o -larmadillo -o /tmp/tmpu942zhok/functionsForPy.cpython-311-x86_64-linux-gnu.so
24/04/26 15:16:05 [INFO    ] (copy_file): copying /tmp/tmpu942zhok/functionsForPy.cpython-311-x86_64-linux-gnu.so -> /home/piejacques/Bureau/SourceCode/cppCode
24/04/26 15:22:50 [INFO    ] (run_command): running build_ext
24/04/26 15:22:50 [INFO    ] (build_extension): building 'functionsForPy' extension
24/04/26 15:22:50 [INFO    ] (mkpath): creating /tmp/tmp86erc0j4/home
24/04/26 15:22:50 [INFO    ] (mkpath): creating /tmp/tmp86erc0j4/home/piejacques
24/04/26 15:22:50 [INFO    ] (mkpath): creating /tmp/tmp86erc0j4/home/piejacques/Bureau
24/04/26 15:22:50 [INFO    ] (mkpath): creating /tmp/tmp86erc0j4/home/piejacques/Bureau/SourceCode
24/04/26 15:22:50 [INFO    ] (mkpath): creating /tmp/tmp86erc0j4/home/piejacques/Bureau/SourceCode/cppCode
24/04/26 15:22:50 [INFO    ] (spawn): gcc -pthread -B /home/piejacques/anaconda3/compiler_compat -DNDEBUG -fwrapv -O2 -Wall -fPIC -O2 -isystem /home/piejacques/anaconda3/include -fPIC -O2 -isystem /home/piejacques/anaconda3/include -fPIC -I/home/piejacques/anaconda3/lib/python3.11/site-packages/pybind11/include -I/home/piejacques/anaconda3/lib/python3.11/site-packages/pybind11/include -I/home/piejacques/Bureau/SourceCode/cppCode -I/home/piejacques/anaconda3/include/python3.11 -c /home/piejacques/Bureau/SourceCode/cppCode/.rendered.functionsForPy.cpp -o /tmp/tmp86erc0j4/home/piejacques/Bureau/SourceCode/cppCode/.rendered.functionsForPy.o -std=c++11 -fvisibility=hidden -std=c++14 -larmadillo
24/04/26 15:22:56 [INFO    ] (spawn): g++ -pthread -B /home/piejacques/anaconda3/compiler_compat -shared -Wl,-rpath,/home/piejacques/anaconda3/lib -Wl,-rpath-link,/home/piejacques/anaconda3/lib -L/home/piejacques/anaconda3/lib -Wl,-rpath,/home/piejacques/anaconda3/lib -Wl,-rpath-link,/home/piejacques/anaconda3/lib -L/home/piejacques/anaconda3/lib /tmp/tmp86erc0j4/home/piejacques/Bureau/SourceCode/cppCode/.rendered.functionsForPy.o -larmadillo -o /tmp/tmp86erc0j4/functionsForPy.cpython-311-x86_64-linux-gnu.so
24/04/26 15:22:56 [INFO    ] (copy_file): copying /tmp/tmp86erc0j4/functionsForPy.cpython-311-x86_64-linux-gnu.so -> /home/piejacques/Bureau/SourceCode/cppCode
24/04/26 15:23:45 [INFO    ] (run_command): running build_ext
24/04/26 15:23:45 [INFO    ] (build_extension): building 'functionsForPy' extension
24/04/26 15:23:45 [INFO    ] (mkpath): creating /tmp/tmpqgegp2wc/home
24/04/26 15:23:45 [INFO    ] (mkpath): creating /tmp/tmpqgegp2wc/home/piejacques
24/04/26 15:23:45 [INFO    ] (mkpath): creating /tmp/tmpqgegp2wc/home/piejacques/Téléchargements
24/04/26 15:23:45 [INFO    ] (mkpath): creating /tmp/tmpqgegp2wc/home/piejacques/Téléchargements/CodeColombia_Stan
24/04/26 15:23:45 [INFO    ] (mkpath): creating /tmp/tmpqgegp2wc/home/piejacques/Téléchargements/CodeColombia_Stan/SourceCode
24/04/26 15:23:45 [INFO    ] (mkpath): creating /tmp/tmpqgegp2wc/home/piejacques/Téléchargements/CodeColombia_Stan/SourceCode/cppCode
24/04/26 15:23:45 [INFO    ] (spawn): gcc -pthread -B /home/piejacques/anaconda3/compiler_compat -DNDEBUG -fwrapv -O2 -Wall -fPIC -O2 -isystem /home/piejacques/anaconda3/include -fPIC -O2 -isystem /home/piejacques/anaconda3/include -fPIC -I/home/piejacques/anaconda3/lib/python3.11/site-packages/pybind11/include -I/home/piejacques/anaconda3/lib/python3.11/site-packages/pybind11/include -I/home/piejacques/Téléchargements/CodeColombia_Stan/SourceCode/cppCode -I/home/piejacques/anaconda3/include/python3.11 -c /home/piejacques/Téléchargements/CodeColombia_Stan/SourceCode/cppCode/.rendered.functionsForPy.cpp -o /tmp/tmpqgegp2wc/home/piejacques/Téléchargements/CodeColombia_Stan/SourceCode/cppCode/.rendered.functionsForPy.o -std=c++11 -fvisibility=hidden -std=c++14 -larmadillo
24/04/26 15:23:52 [INFO    ] (spawn): g++ -pthread -B /home/piejacques/anaconda3/compiler_compat -shared -Wl,-rpath,/home/piejacques/anaconda3/lib -Wl,-rpath-link,/home/piejacques/anaconda3/lib -L/home/piejacques/anaconda3/lib -Wl,-rpath,/home/piejacques/anaconda3/lib -Wl,-rpath-link,/home/piejacques/anaconda3/lib -L/home/piejacques/anaconda3/lib /tmp/tmpqgegp2wc/home/piejacques/Téléchargements/CodeColombia_Stan/SourceCode/cppCode/.rendered.functionsForPy.o -larmadillo -o /tmp/tmpqgegp2wc/functionsForPy.cpython-311-x86_64-linux-gnu.so
24/04/26 15:23:52 [INFO    ] (copy_file): copying /tmp/tmpqgegp2wc/functionsForPy.cpython-311-x86_64-linux-gnu.so -> /home/piejacques/Téléchargements/CodeColombia_Stan/SourceCode/cppCode
24/04/26 15:27:48 [INFO    ] (run_command): running build_ext
24/04/26 15:27:48 [INFO    ] (build_extension): building 'functionsForPy' extension
24/04/26 15:27:48 [INFO    ] (mkpath): creating /tmp/tmpc7b2rntr/home
24/04/26 15:27:48 [INFO    ] (mkpath): creating /tmp/tmpc7b2rntr/home/piejacques
24/04/26 15:27:48 [INFO    ] (mkpath): creating /tmp/tmpc7b2rntr/home/piejacques/Téléchargements
24/04/26 15:27:48 [INFO    ] (mkpath): creating /tmp/tmpc7b2rntr/home/piejacques/Téléchargements/CodeColombia_Stan
24/04/26 15:27:48 [INFO    ] (mkpath): creating /tmp/tmpc7b2rntr/home/piejacques/Téléchargements/CodeColombia_Stan/SourceCode
24/04/26 15:27:48 [INFO    ] (mkpath): creating /tmp/tmpc7b2rntr/home/piejacques/Téléchargements/CodeColombia_Stan/SourceCode/cppCode
24/04/26 15:27:48 [INFO    ] (spawn): gcc -pthread -B /home/piejacques/anaconda3/compiler_compat -DNDEBUG -fwrapv -O2 -Wall -fPIC -O2 -isystem /home/piejacques/anaconda3/include -fPIC -O2 -isystem /home/piejacques/anaconda3/include -fPIC -I/home/piejacques/anaconda3/lib/python3.11/site-packages/pybind11/include -I/home/piejacques/anaconda3/lib/python3.11/site-packages/pybind11/include -I/home/piejacques/Téléchargements/CodeColombia_Stan/SourceCode/cppCode -I/home/piejacques/anaconda3/include/python3.11 -c /home/piejacques/Téléchargements/CodeColombia_Stan/SourceCode/cppCode/.rendered.functionsForPy.cpp -o /tmp/tmpc7b2rntr/home/piejacques/Téléchargements/CodeColombia_Stan/SourceCode/cppCode/.rendered.functionsForPy.o -std=c++11 -fvisibility=hidden -std=c++14 -larmadillo
24/04/26 15:27:55 [INFO    ] (spawn): g++ -pthread -B /home/piejacques/anaconda3/compiler_compat -shared -Wl,-rpath,/home/piejacques/anaconda3/lib -Wl,-rpath-link,/home/piejacques/anaconda3/lib -L/home/piejacques/anaconda3/lib -Wl,-rpath,/home/piejacques/anaconda3/lib -Wl,-rpath-link,/home/piejacques/anaconda3/lib -L/home/piejacques/anaconda3/lib /tmp/tmpc7b2rntr/home/piejacques/Téléchargements/CodeColombia_Stan/SourceCode/cppCode/.rendered.functionsForPy.o -larmadillo -o /tmp/tmpc7b2rntr/functionsForPy.cpython-311-x86_64-linux-gnu.so
24/04/26 15:27:55 [INFO    ] (copy_file): copying /tmp/tmpc7b2rntr/functionsForPy.cpython-311-x86_64-linux-gnu.so -> /home/piejacques/Téléchargements/CodeColombia_Stan/SourceCode/cppCode
24/04/26 15:54:13 [INFO    ] (run_command): running build_ext
24/04/26 15:54:13 [INFO    ] (build_extension): building 'functionsForPy' extension
24/04/26 15:54:13 [INFO    ] (mkpath): creating /tmp/tmpcx2fj_un/home
24/04/26 15:54:13 [INFO    ] (mkpath): creating /tmp/tmpcx2fj_un/home/piejacques
24/04/26 15:54:13 [INFO    ] (mkpath): creating /tmp/tmpcx2fj_un/home/piejacques/Bureau
24/04/26 15:54:13 [INFO    ] (mkpath): creating /tmp/tmpcx2fj_un/home/piejacques/Bureau/SourceCode
24/04/26 15:54:13 [INFO    ] (mkpath): creating /tmp/tmpcx2fj_un/home/piejacques/Bureau/SourceCode/cppCode
24/04/26 15:54:13 [INFO    ] (spawn): gcc -pthread -B /home/piejacques/anaconda3/compiler_compat -DNDEBUG -fwrapv -O2 -Wall -fPIC -O2 -isystem /home/piejacques/anaconda3/include -fPIC -O2 -isystem /home/piejacques/anaconda3/include -fPIC -I/home/piejacques/anaconda3/lib/python3.11/site-packages/pybind11/include -I/home/piejacques/anaconda3/lib/python3.11/site-packages/pybind11/include -I/home/piejacques/Bureau/SourceCode/cppCode -I/home/piejacques/anaconda3/include/python3.11 -c /home/piejacques/Bureau/SourceCode/cppCode/.rendered.functionsForPy.cpp -o /tmp/tmpcx2fj_un/home/piejacques/Bureau/SourceCode/cppCode/.rendered.functionsForPy.o -std=c++11 -fvisibility=hidden -std=c++14 -larmadillo
24/04/26 15:54:20 [INFO    ] (spawn): g++ -pthread -B /home/piejacques/anaconda3/compiler_compat -shared -Wl,-rpath,/home/piejacques/anaconda3/lib -Wl,-rpath-link,/home/piejacques/anaconda3/lib -L/home/piejacques/anaconda3/lib -Wl,-rpath,/home/piejacques/anaconda3/lib -Wl,-rpath-link,/home/piejacques/anaconda3/lib -L/home/piejacques/anaconda3/lib /tmp/tmpcx2fj_un/home/piejacques/Bureau/SourceCode/cppCode/.rendered.functionsForPy.o -larmadillo -o /tmp/tmpcx2fj_un/functionsForPy.cpython-311-x86_64-linux-gnu.so
24/04/26 15:54:20 [INFO    ] (copy_file): copying /tmp/tmpcx2fj_un/functionsForPy.cpython-311-x86_64-linux-gnu.so -> /home/piejacques/Bureau/SourceCode/cppCode
