24/10/10 17:28:16 [INFO    ] (import_data): Importing data files from /home/pjacques/Desktop/PhD/EnergyScope_GEMMES_coupling/EnergyScope-TD/Data/TK 2035
24/10/10 17:28:16 [INFO    ] (print_data): Printing ESTD_data.dat
24/10/10 17:28:16 [INFO    ] (print_data): Printing ESTD_12TD.dat
24/10/10 17:28:16 [INFO    ] (run_es): Running EnergyScope
24/10/10 17:31:08 [INFO    ] (run_es): End of run
24/10/10 17:31:09 [INFO    ] (read_outputs): Reading outputs from: /home/pjacques/Desktop/PhD/EnergyScope_GEMMES_coupling/EnergyScope-TD/case_studies/TK 2035 - net zero/output
24/10/10 18:54:02 [INFO    ] (get_results): Getting summary
24/10/10 18:54:02 [INFO    ] (get_total_cost): Getting TotalCost
24/10/10 18:54:02 [INFO    ] (get_cost_breakdown): Getting Cost_breakdown
24/10/10 18:54:02 [INFO    ] (get_cost_breakdown_non_annualised): Getting Cost_breakdown_non_annualised
24/10/10 18:54:02 [INFO    ] (get_cost_return): Getting Cost_return
24/10/10 18:54:03 [INFO    ] (get_total_gwp): Getting TotalGwp
24/10/10 18:54:03 [INFO    ] (get_gwp_breakdown): Getting Gwp_breakdown
24/10/10 18:54:03 [INFO    ] (get_resources): Getting Yearly resources and exchanges
24/10/10 18:54:03 [INFO    ] (get_assets): Getting Assets and Storage assets
24/10/10 18:54:04 [INFO    ] (get_year_balance): Getting Year_balance
24/10/10 18:56:47 [INFO    ] (get_results): Getting summary
24/10/10 18:56:47 [INFO    ] (get_total_cost): Getting TotalCost
24/10/10 18:56:47 [INFO    ] (get_cost_breakdown): Getting Cost_breakdown
24/10/10 18:56:47 [INFO    ] (get_cost_breakdown_non_annualised): Getting Cost_breakdown_non_annualised
24/10/10 18:56:47 [INFO    ] (get_cost_return): Getting Cost_return
24/10/10 18:56:47 [INFO    ] (get_total_gwp): Getting TotalGwp
24/10/10 18:56:47 [INFO    ] (get_gwp_breakdown): Getting Gwp_breakdown
24/10/10 18:56:47 [INFO    ] (get_resources): Getting Yearly resources and exchanges
24/10/10 18:56:47 [INFO    ] (get_assets): Getting Assets and Storage assets
24/10/10 18:56:48 [INFO    ] (get_year_balance): Getting Year_balance
24/10/10 18:57:00 [INFO    ] (get_results): Getting summary
24/10/10 18:57:00 [INFO    ] (get_total_cost): Getting TotalCost
24/10/10 18:57:00 [INFO    ] (get_cost_breakdown): Getting Cost_breakdown
24/10/10 18:57:01 [INFO    ] (get_cost_breakdown_non_annualised): Getting Cost_breakdown_non_annualised
24/10/10 18:57:01 [INFO    ] (get_cost_return): Getting Cost_return
24/10/10 18:57:01 [INFO    ] (get_total_gwp): Getting TotalGwp
24/10/10 18:57:01 [INFO    ] (get_gwp_breakdown): Getting Gwp_breakdown
24/10/10 18:57:01 [INFO    ] (get_resources): Getting Yearly resources and exchanges
24/10/10 18:57:01 [INFO    ] (get_assets): Getting Assets and Storage assets
24/10/10 18:57:02 [INFO    ] (get_year_balance): Getting Year_balance
24/10/10 19:38:55 [INFO    ] (get_results): Getting summary
24/10/10 19:38:55 [INFO    ] (get_total_cost): Getting TotalCost
24/10/10 19:38:55 [INFO    ] (get_cost_breakdown): Getting Cost_breakdown
24/10/10 19:38:55 [INFO    ] (get_cost_breakdown_non_annualised): Getting Cost_breakdown_non_annualised
24/10/10 19:38:55 [INFO    ] (get_cost_return): Getting Cost_return
24/10/10 19:38:55 [INFO    ] (get_total_gwp): Getting TotalGwp
24/10/10 19:38:55 [INFO    ] (get_gwp_breakdown): Getting Gwp_breakdown
24/10/10 19:38:55 [INFO    ] (get_resources): Getting Yearly resources and exchanges
24/10/10 19:38:55 [INFO    ] (get_assets): Getting Assets and Storage assets
24/10/10 19:38:56 [INFO    ] (get_year_balance): Getting Year_balance
24/10/10 20:08:17 [INFO    ] (get_results): Getting summary
24/10/10 20:08:17 [INFO    ] (get_total_cost): Getting TotalCost
24/10/10 20:08:17 [INFO    ] (get_cost_breakdown): Getting Cost_breakdown
24/10/10 20:08:17 [INFO    ] (get_cost_breakdown_non_annualised): Getting Cost_breakdown_non_annualised
24/10/10 20:08:17 [INFO    ] (get_cost_return): Getting Cost_return
24/10/10 20:08:17 [INFO    ] (get_total_gwp): Getting TotalGwp
24/10/10 20:08:17 [INFO    ] (get_gwp_breakdown): Getting Gwp_breakdown
24/10/10 20:08:17 [INFO    ] (get_resources): Getting Yearly resources and exchanges
24/10/10 20:08:17 [INFO    ] (get_assets): Getting Assets and Storage assets
24/10/10 20:08:18 [INFO    ] (get_year_balance): Getting Year_balance
24/10/10 20:10:14 [INFO    ] (get_results): Getting summary
24/10/10 20:10:14 [INFO    ] (get_total_cost): Getting TotalCost
24/10/10 20:10:14 [INFO    ] (get_cost_breakdown): Getting Cost_breakdown
24/10/10 20:10:14 [INFO    ] (get_cost_breakdown_non_annualised): Getting Cost_breakdown_non_annualised
24/10/10 20:10:14 [INFO    ] (get_cost_return): Getting Cost_return
24/10/10 20:10:14 [INFO    ] (get_total_gwp): Getting TotalGwp
24/10/10 20:10:15 [INFO    ] (get_gwp_breakdown): Getting Gwp_breakdown
24/10/10 20:10:15 [INFO    ] (get_resources): Getting Yearly resources and exchanges
24/10/10 20:10:15 [INFO    ] (get_assets): Getting Assets and Storage assets
24/10/10 20:10:15 [INFO    ] (get_year_balance): Getting Year_balance
24/10/10 20:11:05 [INFO    ] (get_results): Getting summary
24/10/10 20:11:05 [INFO    ] (get_total_cost): Getting TotalCost
24/10/10 20:11:05 [INFO    ] (get_cost_breakdown): Getting Cost_breakdown
24/10/10 20:11:05 [INFO    ] (get_cost_breakdown_non_annualised): Getting Cost_breakdown_non_annualised
24/10/10 20:11:05 [INFO    ] (get_cost_return): Getting Cost_return
24/10/10 20:11:05 [INFO    ] (get_total_gwp): Getting TotalGwp
24/10/10 20:11:05 [INFO    ] (get_gwp_breakdown): Getting Gwp_breakdown
24/10/10 20:11:05 [INFO    ] (get_resources): Getting Yearly resources and exchanges
24/10/10 20:11:05 [INFO    ] (get_assets): Getting Assets and Storage assets
24/10/10 20:11:06 [INFO    ] (get_year_balance): Getting Year_balance
24/10/10 20:11:41 [INFO    ] (get_results): Getting summary
24/10/10 20:11:41 [INFO    ] (get_total_cost): Getting TotalCost
24/10/10 20:11:41 [INFO    ] (get_cost_breakdown): Getting Cost_breakdown
24/10/10 20:11:41 [INFO    ] (get_cost_breakdown_non_annualised): Getting Cost_breakdown_non_annualised
24/10/10 20:11:41 [INFO    ] (get_cost_return): Getting Cost_return
24/10/10 20:11:41 [INFO    ] (get_total_gwp): Getting TotalGwp
24/10/10 20:11:41 [INFO    ] (get_gwp_breakdown): Getting Gwp_breakdown
24/10/10 20:11:42 [INFO    ] (get_resources): Getting Yearly resources and exchanges
24/10/10 20:11:42 [INFO    ] (get_assets): Getting Assets and Storage assets
24/10/10 20:11:42 [INFO    ] (get_year_balance): Getting Year_balance
24/10/10 20:14:22 [INFO    ] (get_results): Getting summary
24/10/10 20:14:22 [INFO    ] (get_total_cost): Getting TotalCost
24/10/10 20:14:22 [INFO    ] (get_cost_breakdown): Getting Cost_breakdown
24/10/10 20:14:22 [INFO    ] (get_cost_breakdown_non_annualised): Getting Cost_breakdown_non_annualised
24/10/10 20:14:22 [INFO    ] (get_cost_return): Getting Cost_return
24/10/10 20:14:22 [INFO    ] (get_total_gwp): Getting TotalGwp
24/10/10 20:14:22 [INFO    ] (get_gwp_breakdown): Getting Gwp_breakdown
24/10/10 20:14:22 [INFO    ] (get_resources): Getting Yearly resources and exchanges
24/10/10 20:14:22 [INFO    ] (get_assets): Getting Assets and Storage assets
24/10/10 20:14:23 [INFO    ] (get_year_balance): Getting Year_balance
24/10/10 20:16:18 [INFO    ] (get_results): Getting summary
24/10/10 20:16:18 [INFO    ] (get_total_cost): Getting TotalCost
24/10/10 20:16:18 [INFO    ] (get_cost_breakdown): Getting Cost_breakdown
24/10/10 20:16:18 [INFO    ] (get_cost_breakdown_non_annualised): Getting Cost_breakdown_non_annualised
24/10/10 20:16:18 [INFO    ] (get_cost_return): Getting Cost_return
24/10/10 20:16:18 [INFO    ] (get_total_gwp): Getting TotalGwp
24/10/10 20:16:18 [INFO    ] (get_gwp_breakdown): Getting Gwp_breakdown
24/10/10 20:16:18 [INFO    ] (get_resources): Getting Yearly resources and exchanges
24/10/10 20:16:18 [INFO    ] (get_assets): Getting Assets and Storage assets
24/10/10 20:16:19 [INFO    ] (get_year_balance): Getting Year_balance
24/10/10 20:16:41 [INFO    ] (get_results): Getting summary
24/10/10 20:16:41 [INFO    ] (get_total_cost): Getting TotalCost
24/10/10 20:16:41 [INFO    ] (get_cost_breakdown): Getting Cost_breakdown
24/10/10 20:16:42 [INFO    ] (get_cost_breakdown_non_annualised): Getting Cost_breakdown_non_annualised
24/10/10 20:16:42 [INFO    ] (get_cost_return): Getting Cost_return
24/10/10 20:16:42 [INFO    ] (get_total_gwp): Getting TotalGwp
24/10/10 20:16:42 [INFO    ] (get_gwp_breakdown): Getting Gwp_breakdown
24/10/10 20:16:42 [INFO    ] (get_resources): Getting Yearly resources and exchanges
24/10/10 20:16:42 [INFO    ] (get_assets): Getting Assets and Storage assets
24/10/10 20:16:43 [INFO    ] (get_year_balance): Getting Year_balance
24/10/10 20:18:12 [INFO    ] (get_results): Getting summary
24/10/10 20:18:12 [INFO    ] (get_total_cost): Getting TotalCost
24/10/10 20:18:12 [INFO    ] (get_cost_breakdown): Getting Cost_breakdown
24/10/10 20:18:13 [INFO    ] (get_cost_breakdown_non_annualised): Getting Cost_breakdown_non_annualised
24/10/10 20:18:13 [INFO    ] (get_cost_return): Getting Cost_return
24/10/10 20:18:13 [INFO    ] (get_total_gwp): Getting TotalGwp
24/10/10 20:18:13 [INFO    ] (get_gwp_breakdown): Getting Gwp_breakdown
24/10/10 20:18:13 [INFO    ] (get_resources): Getting Yearly resources and exchanges
24/10/10 20:18:13 [INFO    ] (get_assets): Getting Assets and Storage assets
24/10/10 20:18:14 [INFO    ] (get_year_balance): Getting Year_balance
24/10/10 20:18:47 [INFO    ] (get_results): Getting summary
24/10/10 20:18:47 [INFO    ] (get_total_cost): Getting TotalCost
24/10/10 20:18:47 [INFO    ] (get_cost_breakdown): Getting Cost_breakdown
24/10/10 20:18:48 [INFO    ] (get_cost_breakdown_non_annualised): Getting Cost_breakdown_non_annualised
24/10/10 20:18:48 [INFO    ] (get_cost_return): Getting Cost_return
24/10/10 20:18:48 [INFO    ] (get_total_gwp): Getting TotalGwp
24/10/10 20:18:48 [INFO    ] (get_gwp_breakdown): Getting Gwp_breakdown
24/10/10 20:18:48 [INFO    ] (get_resources): Getting Yearly resources and exchanges
24/10/10 20:18:48 [INFO    ] (get_assets): Getting Assets and Storage assets
24/10/10 20:18:49 [INFO    ] (get_year_balance): Getting Year_balance
24/10/10 20:19:22 [INFO    ] (get_results): Getting summary
24/10/10 20:19:22 [INFO    ] (get_total_cost): Getting TotalCost
24/10/10 20:19:22 [INFO    ] (get_cost_breakdown): Getting Cost_breakdown
24/10/10 20:19:22 [INFO    ] (get_cost_breakdown_non_annualised): Getting Cost_breakdown_non_annualised
24/10/10 20:19:22 [INFO    ] (get_cost_return): Getting Cost_return
24/10/10 20:19:22 [INFO    ] (get_total_gwp): Getting TotalGwp
24/10/10 20:19:22 [INFO    ] (get_gwp_breakdown): Getting Gwp_breakdown
24/10/10 20:19:22 [INFO    ] (get_resources): Getting Yearly resources and exchanges
24/10/10 20:19:22 [INFO    ] (get_assets): Getting Assets and Storage assets
24/10/10 20:19:23 [INFO    ] (get_year_balance): Getting Year_balance
24/10/10 20:19:55 [INFO    ] (get_results): Getting summary
24/10/10 20:19:55 [INFO    ] (get_total_cost): Getting TotalCost
24/10/10 20:19:55 [INFO    ] (get_cost_breakdown): Getting Cost_breakdown
24/10/10 20:19:55 [INFO    ] (get_cost_breakdown_non_annualised): Getting Cost_breakdown_non_annualised
24/10/10 20:19:55 [INFO    ] (get_cost_return): Getting Cost_return
24/10/10 20:19:56 [INFO    ] (get_total_gwp): Getting TotalGwp
24/10/10 20:19:56 [INFO    ] (get_gwp_breakdown): Getting Gwp_breakdown
24/10/10 20:19:56 [INFO    ] (get_resources): Getting Yearly resources and exchanges
24/10/10 20:19:56 [INFO    ] (get_assets): Getting Assets and Storage assets
24/10/10 20:19:56 [INFO    ] (get_year_balance): Getting Year_balance
24/10/10 20:20:58 [INFO    ] (get_results): Getting summary
24/10/10 20:20:58 [INFO    ] (get_total_cost): Getting TotalCost
24/10/10 20:20:58 [INFO    ] (get_cost_breakdown): Getting Cost_breakdown
24/10/10 20:20:58 [INFO    ] (get_cost_breakdown_non_annualised): Getting Cost_breakdown_non_annualised
24/10/10 20:20:58 [INFO    ] (get_cost_return): Getting Cost_return
24/10/10 20:20:59 [INFO    ] (get_total_gwp): Getting TotalGwp
24/10/10 20:20:59 [INFO    ] (get_gwp_breakdown): Getting Gwp_breakdown
24/10/10 20:20:59 [INFO    ] (get_resources): Getting Yearly resources and exchanges
24/10/10 20:20:59 [INFO    ] (get_assets): Getting Assets and Storage assets
24/10/10 20:21:00 [INFO    ] (get_year_balance): Getting Year_balance
24/10/10 20:23:06 [INFO    ] (get_results): Getting summary
24/10/10 20:23:06 [INFO    ] (get_total_cost): Getting TotalCost
24/10/10 20:23:06 [INFO    ] (get_cost_breakdown): Getting Cost_breakdown
24/10/10 20:23:06 [INFO    ] (get_cost_breakdown_non_annualised): Getting Cost_breakdown_non_annualised
24/10/10 20:23:06 [INFO    ] (get_cost_return): Getting Cost_return
24/10/10 20:23:06 [INFO    ] (get_total_gwp): Getting TotalGwp
24/10/10 20:23:07 [INFO    ] (get_gwp_breakdown): Getting Gwp_breakdown
24/10/10 20:23:07 [INFO    ] (get_resources): Getting Yearly resources and exchanges
24/10/10 20:23:07 [INFO    ] (get_assets): Getting Assets and Storage assets
24/10/10 20:23:07 [INFO    ] (get_year_balance): Getting Year_balance
24/10/10 20:24:13 [INFO    ] (get_results): Getting summary
24/10/10 20:24:13 [INFO    ] (get_total_cost): Getting TotalCost
24/10/10 20:24:13 [INFO    ] (get_cost_breakdown): Getting Cost_breakdown
24/10/10 20:24:13 [INFO    ] (get_cost_breakdown_non_annualised): Getting Cost_breakdown_non_annualised
24/10/10 20:24:13 [INFO    ] (get_cost_return): Getting Cost_return
24/10/10 20:24:13 [INFO    ] (get_total_gwp): Getting TotalGwp
24/10/10 20:24:13 [INFO    ] (get_gwp_breakdown): Getting Gwp_breakdown
24/10/10 20:24:14 [INFO    ] (get_resources): Getting Yearly resources and exchanges
24/10/10 20:24:14 [INFO    ] (get_assets): Getting Assets and Storage assets
24/10/10 20:24:14 [INFO    ] (get_year_balance): Getting Year_balance
24/10/10 20:24:29 [INFO    ] (get_results): Getting summary
24/10/10 20:24:29 [INFO    ] (get_total_cost): Getting TotalCost
24/10/10 20:24:29 [INFO    ] (get_cost_breakdown): Getting Cost_breakdown
24/10/10 20:24:30 [INFO    ] (get_cost_breakdown_non_annualised): Getting Cost_breakdown_non_annualised
24/10/10 20:24:30 [INFO    ] (get_cost_return): Getting Cost_return
24/10/10 20:24:30 [INFO    ] (get_total_gwp): Getting TotalGwp
24/10/10 20:24:30 [INFO    ] (get_gwp_breakdown): Getting Gwp_breakdown
24/10/10 20:24:30 [INFO    ] (get_resources): Getting Yearly resources and exchanges
24/10/10 20:24:30 [INFO    ] (get_assets): Getting Assets and Storage assets
24/10/10 20:24:31 [INFO    ] (get_year_balance): Getting Year_balance
24/10/10 20:24:48 [INFO    ] (get_results): Getting summary
24/10/10 20:24:48 [INFO    ] (get_total_cost): Getting TotalCost
24/10/10 20:24:48 [INFO    ] (get_cost_breakdown): Getting Cost_breakdown
24/10/10 20:24:49 [INFO    ] (get_cost_breakdown_non_annualised): Getting Cost_breakdown_non_annualised
24/10/10 20:24:49 [INFO    ] (get_cost_return): Getting Cost_return
24/10/10 20:24:49 [INFO    ] (get_total_gwp): Getting TotalGwp
24/10/10 20:24:49 [INFO    ] (get_gwp_breakdown): Getting Gwp_breakdown
24/10/10 20:24:49 [INFO    ] (get_resources): Getting Yearly resources and exchanges
24/10/10 20:24:49 [INFO    ] (get_assets): Getting Assets and Storage assets
24/10/10 20:24:50 [INFO    ] (get_year_balance): Getting Year_balance
24/10/10 20:25:04 [INFO    ] (get_results): Getting summary
24/10/10 20:25:04 [INFO    ] (get_total_cost): Getting TotalCost
24/10/10 20:25:05 [INFO    ] (get_cost_breakdown): Getting Cost_breakdown
24/10/10 20:25:05 [INFO    ] (get_cost_breakdown_non_annualised): Getting Cost_breakdown_non_annualised
24/10/10 20:25:05 [INFO    ] (get_cost_return): Getting Cost_return
24/10/10 20:25:05 [INFO    ] (get_total_gwp): Getting TotalGwp
24/10/10 20:25:05 [INFO    ] (get_gwp_breakdown): Getting Gwp_breakdown
24/10/10 20:25:05 [INFO    ] (get_resources): Getting Yearly resources and exchanges
24/10/10 20:25:05 [INFO    ] (get_assets): Getting Assets and Storage assets
24/10/10 20:25:06 [INFO    ] (get_year_balance): Getting Year_balance
24/10/10 20:25:19 [INFO    ] (get_results): Getting summary
24/10/10 20:25:19 [INFO    ] (get_total_cost): Getting TotalCost
24/10/10 20:25:19 [INFO    ] (get_cost_breakdown): Getting Cost_breakdown
24/10/10 20:25:19 [INFO    ] (get_cost_breakdown_non_annualised): Getting Cost_breakdown_non_annualised
24/10/10 20:25:19 [INFO    ] (get_cost_return): Getting Cost_return
24/10/10 20:25:19 [INFO    ] (get_total_gwp): Getting TotalGwp
24/10/10 20:25:19 [INFO    ] (get_gwp_breakdown): Getting Gwp_breakdown
24/10/10 20:25:19 [INFO    ] (get_resources): Getting Yearly resources and exchanges
24/10/10 20:25:19 [INFO    ] (get_assets): Getting Assets and Storage assets
24/10/10 20:25:20 [INFO    ] (get_year_balance): Getting Year_balance
24/10/10 21:32:15 [INFO    ] (get_results): Getting summary
24/10/10 21:32:15 [INFO    ] (get_total_cost): Getting TotalCost
24/10/10 21:32:15 [INFO    ] (get_cost_breakdown): Getting Cost_breakdown
