24/10/11 21:27:05 [INFO    ] (import_data): Importing data files from /home/pjacques/Desktop/PhD/EnergyScope_GEMMES_coupling/EnergyScope-TD/Data/CO 2035
24/10/11 21:27:05 [INFO    ] (print_data): Printing ESTD_data.dat
24/10/11 21:27:05 [INFO    ] (print_data): Printing ESTD_12TD.dat
24/10/11 21:27:06 [INFO    ] (run_es): Running EnergyScope
24/10/11 21:28:08 [INFO    ] (run_es): End of run
24/10/11 21:28:09 [INFO    ] (read_outputs): Reading outputs from: /home/pjacques/Desktop/PhD/EnergyScope_GEMMES_coupling/EnergyScope-TD/case_studies/CO 2035 - no CO2 constraint/output
24/10/11 21:49:06 [INFO    ] (get_results): Getting summary
24/10/11 21:49:06 [INFO    ] (get_total_cost): Getting TotalCost
24/10/11 21:49:14 [INFO    ] (get_results): Getting summary
24/10/11 21:49:14 [INFO    ] (get_total_cost): Getting TotalCost
24/10/11 21:49:15 [INFO    ] (get_cost_breakdown): Getting Cost_breakdown
24/10/11 21:49:15 [INFO    ] (get_cost_breakdown_non_annualised): Getting Cost_breakdown_non_annualised
24/10/11 21:49:15 [INFO    ] (get_cost_return): Getting Cost_return
24/10/11 21:49:15 [INFO    ] (get_total_gwp): Getting TotalGwp
24/10/11 21:49:15 [INFO    ] (get_gwp_breakdown): Getting Gwp_breakdown
24/10/11 21:49:15 [INFO    ] (get_resources): Getting Yearly resources and exchanges
24/10/11 21:49:15 [INFO    ] (get_assets): Getting Assets and Storage assets
24/10/11 21:49:16 [INFO    ] (get_year_balance): Getting Year_balance
24/10/11 21:49:27 [INFO    ] (get_results): Getting summary
24/10/11 21:49:27 [INFO    ] (get_total_cost): Getting TotalCost
24/10/11 21:49:27 [INFO    ] (get_cost_breakdown): Getting Cost_breakdown
24/10/11 21:49:27 [INFO    ] (get_cost_breakdown_non_annualised): Getting Cost_breakdown_non_annualised
24/10/11 21:49:27 [INFO    ] (get_cost_return): Getting Cost_return
24/10/11 21:49:28 [INFO    ] (get_total_gwp): Getting TotalGwp
24/10/11 21:49:28 [INFO    ] (get_gwp_breakdown): Getting Gwp_breakdown
24/10/11 21:49:28 [INFO    ] (get_resources): Getting Yearly resources and exchanges
24/10/11 21:49:28 [INFO    ] (get_assets): Getting Assets and Storage assets
24/10/11 21:49:28 [INFO    ] (get_year_balance): Getting Year_balance
24/10/11 22:00:00 [INFO    ] (get_results): Getting summary
24/10/11 22:00:00 [INFO    ] (get_total_cost): Getting TotalCost
24/10/11 22:00:00 [INFO    ] (get_cost_breakdown): Getting Cost_breakdown
24/10/11 22:00:00 [INFO    ] (get_cost_breakdown_non_annualised): Getting Cost_breakdown_non_annualised
24/10/11 22:00:00 [INFO    ] (get_cost_return): Getting Cost_return
24/10/11 22:00:01 [INFO    ] (get_total_gwp): Getting TotalGwp
24/10/11 22:00:01 [INFO    ] (get_gwp_breakdown): Getting Gwp_breakdown
24/10/11 22:00:01 [INFO    ] (get_resources): Getting Yearly resources and exchanges
24/10/11 22:00:01 [INFO    ] (get_assets): Getting Assets and Storage assets
24/10/11 22:00:01 [INFO    ] (get_year_balance): Getting Year_balance
24/10/11 22:00:19 [INFO    ] (get_results): Getting summary
24/10/11 22:00:19 [INFO    ] (get_total_cost): Getting TotalCost
24/10/11 22:00:19 [INFO    ] (get_cost_breakdown): Getting Cost_breakdown
24/10/11 22:00:19 [INFO    ] (get_cost_breakdown_non_annualised): Getting Cost_breakdown_non_annualised
24/10/11 22:00:19 [INFO    ] (get_cost_return): Getting Cost_return
24/10/11 22:00:20 [INFO    ] (get_total_gwp): Getting TotalGwp
24/10/11 22:00:20 [INFO    ] (get_gwp_breakdown): Getting Gwp_breakdown
24/10/11 22:00:20 [INFO    ] (get_resources): Getting Yearly resources and exchanges
24/10/11 22:00:20 [INFO    ] (get_assets): Getting Assets and Storage assets
24/10/11 22:00:21 [INFO    ] (get_year_balance): Getting Year_balance
24/10/11 22:07:33 [INFO    ] (get_results): Getting summary
24/10/11 22:07:33 [INFO    ] (get_total_cost): Getting TotalCost
24/10/11 22:07:33 [INFO    ] (get_cost_breakdown): Getting Cost_breakdown
24/10/11 22:07:33 [INFO    ] (get_cost_breakdown_non_annualised): Getting Cost_breakdown_non_annualised
24/10/11 22:07:33 [INFO    ] (get_cost_return): Getting Cost_return
24/10/11 22:07:33 [INFO    ] (get_total_gwp): Getting TotalGwp
24/10/11 22:07:33 [INFO    ] (get_gwp_breakdown): Getting Gwp_breakdown
24/10/11 22:07:33 [INFO    ] (get_resources): Getting Yearly resources and exchanges
24/10/11 22:07:33 [INFO    ] (get_assets): Getting Assets and Storage assets
24/10/11 22:07:34 [INFO    ] (get_year_balance): Getting Year_balance
