6
6
6
6
6
6
6
6
47
6
6
6
6
6
6
47
47
42
6
47
6
337
337
6
337
6
6
337
52
6
337
47
52
52
42
42
337
6
6
47
47
42
337
6
337
47
47
48
48
42
42
52
52
6
6
47
42
6
47
42
337
47
42
42
337
108
108
108
108
108
337
337
52
337
52
108
108
108
108
108
48
108
48
48
108
108
52
47
48
108
108
108
108
108
108
104
104
122
104
337
104
104
104
104
104
108
108
108
108
110
108
108
108
108
122
122
122
122
122
122
122
122
122
122
104
122
122
122
122
122
122
122
122
134
134
134
134
122
134
134
134
134
134
134
134
134
134
207
207
207
207
134
134
134
134
134
134
134
207
134
134
134
134
134
207
134
134
134
134
134
134
207
207
207
207
207
207
207
207
207
134
207
207
207
207
207
207
207
207
207
207
207
207
207
134
134
207
134
207
207
207
207
207
207
207
207
207
207
207
207
207
207
207
207
207
207
207
207
207
207
207
207
207
207
207
207
207
207
207
207
207
207
207
207
207
207
207
207
207
207
207
207
207
207
207
207
207
207
207
207
207
207
207
207
207
134
134
134
134
134
207
134
134
134
134
134
134
134
134
134
134
134
134
134
134
134
134
134
134
122
122
134
134
134
134
134
134
134
134
134
134
134
134
122
122
134
134
122
122
104
104
104
122
104
337
108
108
104
122
122
122
122
122
104
104
122
104
337
104
104
104
104
108
108
108
337
337
337
337
337
337
337
337
104
6
52
337
6
47
47
52
337
337
337
337
6
337
337
337
52
52
52
52
337
337
337
337
337
6
6
337
6
6
6
6
