6
47
47
47
47
6
6
6
6
47
47
47
6
47
47
47
47
47
337
48
337
47
337
47
47
337
337
337
337
337
42
47
52
48
52
42
110
110
110
52
48
42
47
42
47
47
47
48
52
52
52
52
52
47
47
47
42
47
47
47
110
110
52
42
52
108
108
108
108
108
108
110
110
110
110
104
104
104
104
104
110
110
110
110
108
108
110
110
110
104
104
104
104
104
104
104
104
104
104
104
122
122
104
104
108
108
108
108
108
110
110
108
108
104
104
104
104
104
122
122
122
122
122
122
122
122
122
104
104
104
104
104
104
134
134
134
134
134
122
134
134
134
134
134
122
134
134
134
207
134
207
134
134
134
134
134
207
207
207
207
207
134
207
207
207
207
207
207
207
134
207
207
207
207
207
207
207
207
207
207
207
207
207
207
207
207
207
207
207
207
207
207
207
207
207
207
207
207
207
207
207
207
207
207
207
207
207
207
207
207
207
207
207
207
207
207
207
207
207
207
207
207
207
207
207
207
207
207
207
207
207
207
207
207
207
207
207
207
207
207
207
207
207
207
207
207
207
207
207
207
207
207
207
207
207
207
207
207
207
207
207
207
207
337
337
337
337
122
122
134
337
207
207
207
207
207
207
337
337
337
122
337
337
337
337
337
207
207
337
337
337
337
337
337
337
337
337
337
337
337
337
337
337
337
337
337
337
337
337
337
337
337
337
337
337
337
337
337
337
337
337
337
337
337
337
337
337
337
337
337
337
337
337
337
337
337
337
337
337
337
337
337
337
337
337
337
337
337
337
337
337
337
337
337
337
337
337
337
337
337
337
337
337
337
337
