6
6
6
47
6
6
6
6
6
6
6
6
6
6
338
47
47
47
6
337
338
337
338
338
338
333
338
337
42
338
338
47
47
52
36
36
338
338
6
47
52
42
337
338
6
47
47
48
48
48
48
52
52
6
6
52
48
6
47
36
47
52
48
36
337
108
78
108
108
108
333
333
52
47
108
108
78
78
78
36
78
108
36
48
78
108
108
47
110
47
108
108
108
108
108
110
104
104
104
104
104
122
122
104
104
108
108
108
108
110
110
108
78
78
78
122
122
122
122
122
122
122
122
122
104
122
122
104
78
122
122
78
78
134
134
134
134
122
134
134
134
134
134
134
122
134
134
207
207
207
207
134
134
134
134
134
134
207
207
207
134
134
134
134
207
134
134
134
134
134
134
207
207
209
185
185
223
209
209
207
134
207
207
185
185
209
207
209
185
185
209
207
207
207
134
134
207
134
207
207
207
207
223
209
207
207
207
207
209
209
209
209
209
209
209
209
207
207
207
209
209
223
223
223
223
185
209
207
207
207
207
207
207
185
207
209
223
185
185
209
209
207
207
207
207
207
207
207
207
207
207
207
207
207
207
134
134
134
134
134
207
134
134
134
134
134
134
134
134
134
134
134
134
134
134
134
134
134
134
104
322
134
134
134
134
134
134
134
134
134
134
122
134
134
104
134
134
122
122
104
322
322
104
322
333
108
78
333
104
104
104
122
122
122
322
322
322
322
322
104
322
322
322
78
322
322
322
322
338
333
338
322
333
104
338
337
337
338
47
47
52
337
337
337
338
338
338
333
333
52
52
52
52
322
333
333
333
333
6
338
6
6
6
338
6
