47
47
47
47
47
6
6
6
6
6
47
47
6
48
6
6
6
47
47
48
337
48
337
337
47
47
337
337
337
337
42
47
47
52
52
42
108
108
108
47
52
42
52
42
42
47
47
48
48
52
52
52
52
47
6
42
42
42
6
47
110
42
52
42
52
108
108
108
108
108
108
108
108
110
110
104
104
104
104
104
108
110
108
108
108
108
108
110
110
104
104
104
104
104
104
104
104
104
104
104
104
122
122
104
108
108
108
108
110
110
110
108
108
104
104
104
104
134
134
122
122
122
122
122
122
134
134
104
104
104
122
104
104
134
134
134
122
122
122
134
134
134
122
122
122
134
134
134
122
122
122
122
122
207
207
122
207
207
207
207
207
207
207
207
207
207
207
207
207
207
207
207
207
207
207
207
207
207
207
207
207
207
207
207
207
207
207
207
207
207
207
207
207
207
207
207
207
207
207
207
207
207
207
207
207
207
207
207
207
207
207
207
207
207
207
207
207
207
207
207
207
207
207
207
207
207
207
207
207
207
207
207
207
207
207
207
207
207
207
207
207
207
207
207
207
207
207
207
207
207
207
207
207
207
207
207
207
207
207
207
207
207
207
207
207
207
207
207
207
207
207
207
207
207
207
207
207
207
207
207
207
207
207
207
207
207
207
207
207
207
207
207
207
207
207
207
207
207
207
207
337
207
52
207
207
47
337
337
337
207
337
207
207
207
207
337
337
337
207
207
337
337
337
337
337
337
207
337
337
337
337
337
337
337
337
337
337
337
337
48
337
337
337
337
337
337
337
47
52
337
337
337
337
52
337
337
337
47
47
47
47
47
47
47
47
